<?xml version="1.0" encoding="UTF-8"?>
<testsuite name="JavaBuzzTests" tests="7" skipped="0" failures="0" errors="0" timestamp="2014-11-18T12:18:01" hostname="BeautifulExpensive.local" time="0.0050">
  <properties/>
  <testcase name="isDivisibleByThree" classname="JavaBuzzTests" time="0.0010"/>
  <testcase name="thisNumber" classname="JavaBuzzTests" time="0.0"/>
  <testcase name="isDivisibleByFive" classname="JavaBuzzTests" time="0.0"/>
  <testcase name="isNotDivisibleByFive" classname="JavaBuzzTests" time="0.0"/>
  <testcase name="isNotDivisibleByFifteen" classname="JavaBuzzTests" time="0.0"/>
  <testcase name="isNotDivisibleByThree" classname="JavaBuzzTests" time="0.0"/>
  <testcase name="isDivisibleByFifteen" classname="JavaBuzzTests" time="0.0"/>
  <system-out><![CDATA[]]></system-out>
  <system-err><![CDATA[]]></system-err>
</testsuite>
