<?xml version="1.0" encoding="UTF-8"?>
<testsuite name="JavaBuzzTests" tests="2" skipped="0" failures="0" errors="0" timestamp="2014-11-18T11:34:35" hostname="BeautifulExpensive.local" time="0.0020">
  <properties/>
  <testcase name="isDivisibleByThree" classname="JavaBuzzTests" time="0.0010"/>
  <testcase name="isNotDivisibleByThree" classname="JavaBuzzTests" time="0.0"/>
  <system-out><![CDATA[]]></system-out>
  <system-err><![CDATA[]]></system-err>
</testsuite>
